{"/Users/shravani/Code/with-typescript-app/http/login.ts": {"path":"/Users/shravani/Code/with-typescript-app/http/login.ts","statementMap":{"0":{"start":{"line":1,"column":0},"end":{"line":1,"column":null}},"1":{"start":{"line":2,"column":0},"end":{"line":2,"column":null}},"2":{"start":{"line":12,"column":9},"end":{"line":12,"column":24}},"3":{"start":{"line":13,"column":4},"end":{"line":13,"column":11}},"4":{"start":{"line":14,"column":4},"end":{"line":14,"column":11}},"5":{"start":{"line":16,"column":21},"end":{"line":16,"column":null}},"6":{"start":{"line":20,"column":15},"end":{"line":20,"column":null}}},"fnMap":{"0":{"name":"(anonymous_0)","decl":{"start":{"line":12,"column":25},"end":{"line":12,"column":71}},"loc":{"start":{"line":12,"column":71},"end":{"line":17,"column":null}}},"1":{"name":"(anonymous_1)","decl":{"start":{"line":16,"column":12},"end":{"line":16,"column":17}},"loc":{"start":{"line":16,"column":21},"end":{"line":16,"column":null}}}},"branchMap":{},"s":{"0":1,"1":1,"2":1,"3":0,"4":0,"5":0,"6":1},"f":{"0":0,"1":0},"b":{}}
,"/Users/shravani/Code/with-typescript-app/redux/action.ts": {"path":"/Users/shravani/Code/with-typescript-app/redux/action.ts","statementMap":{"0":{"start":{"line":2,"column":0},"end":{"line":2,"column":null}},"1":{"start":{"line":4,"column":0},"end":{"line":4,"column":12}},"2":{"start":{"line":5,"column":2},"end":{"line":5,"column":null}},"3":{"start":{"line":6,"column":2},"end":{"line":6,"column":null}},"4":{"start":{"line":7,"column":2},"end":{"line":7,"column":null}},"5":{"start":{"line":13,"column":27},"end":{"line":13,"column":28}},"6":{"start":{"line":13,"column":78},"end":{"line":13,"column":null}},"7":{"start":{"line":28,"column":29},"end":{"line":28,"column":6}},"8":{"start":{"line":28,"column":44},"end":{"line":28,"column":null}},"9":{"start":{"line":33,"column":26},"end":{"line":33,"column":33}},"10":{"start":{"line":33,"column":33},"end":{"line":33,"column":null}},"11":{"start":{"line":37,"column":29},"end":{"line":37,"column":6}},"12":{"start":{"line":37,"column":52},"end":{"line":37,"column":null}},"13":{"start":{"line":42,"column":29},"end":{"line":42,"column":36}},"14":{"start":{"line":42,"column":36},"end":{"line":42,"column":null}}},"fnMap":{"0":{"name":"(anonymous_0)","decl":{"start":{"line":4,"column":0},"end":{"line":4,"column":12}},"loc":{"start":{"line":4,"column":29},"end":{"line":8,"column":null}}},"1":{"name":"(anonymous_1)","decl":{"start":{"line":13,"column":27},"end":{"line":13,"column":28}},"loc":{"start":{"line":13,"column":78},"end":{"line":13,"column":null}}},"2":{"name":"(anonymous_2)","decl":{"start":{"line":28,"column":29},"end":{"line":28,"column":44}},"loc":{"start":{"line":28,"column":44},"end":{"line":28,"column":null}}},"3":{"name":"(anonymous_3)","decl":{"start":{"line":33,"column":26},"end":{"line":33,"column":33}},"loc":{"start":{"line":33,"column":33},"end":{"line":33,"column":null}}},"4":{"name":"(anonymous_4)","decl":{"start":{"line":37,"column":29},"end":{"line":37,"column":52}},"loc":{"start":{"line":37,"column":52},"end":{"line":37,"column":null}}},"5":{"name":"(anonymous_5)","decl":{"start":{"line":42,"column":29},"end":{"line":42,"column":36}},"loc":{"start":{"line":42,"column":36},"end":{"line":42,"column":null}}}},"branchMap":{"0":{"loc":{"start":{"line":4,"column":12},"end":{"line":4,"column":29}},"type":"binary-expr","locations":[{"start":{"line":4,"column":12},"end":{"line":4,"column":29}},{"start":{"line":4,"column":29},"end":{"line":4,"column":null}}]}},"s":{"0":1,"1":1,"2":1,"3":1,"4":1,"5":1,"6":1,"7":1,"8":1,"9":1,"10":1,"11":1,"12":1,"13":1,"14":1},"f":{"0":1,"1":1,"2":1,"3":1,"4":1,"5":1},"b":{"0":[1,1]}}
,"/Users/shravani/Code/with-typescript-app/redux/constants.ts": {"path":"/Users/shravani/Code/with-typescript-app/redux/constants.ts","statementMap":{"0":{"start":{"line":1,"column":31},"end":{"line":1,"column":null}}},"fnMap":{},"branchMap":{},"s":{"0":1},"f":{},"b":{}}
,"/Users/shravani/Code/with-typescript-app/redux/sagas/loginSaga.ts": {"path":"/Users/shravani/Code/with-typescript-app/redux/sagas/loginSaga.ts","statementMap":{"0":{"start":{"line":1,"column":0},"end":{"line":1,"column":null}},"1":{"start":{"line":4,"column":0},"end":{"line":4,"column":null}},"2":{"start":{"line":5,"column":0},"end":{"line":5,"column":null}},"3":{"start":{"line":6,"column":0},"end":{"line":6,"column":null}},"4":{"start":{"line":20,"column":2},"end":{"line":31,"column":null}},"5":{"start":{"line":21,"column":40},"end":{"line":21,"column":null}},"6":{"start":{"line":22,"column":17},"end":{"line":22,"column":28}},"7":{"start":{"line":25,"column":4},"end":{"line":25,"column":13}},"8":{"start":{"line":26,"column":4},"end":{"line":26,"column":11}},"9":{"start":{"line":27,"column":4},"end":{"line":27,"column":10}},"10":{"start":{"line":29,"column":4},"end":{"line":29,"column":11}},"11":{"start":{"line":30,"column":4},"end":{"line":30,"column":10}},"12":{"start":{"line":35,"column":27},"end":{"line":35,"column":null}},"13":{"start":{"line":36,"column":15},"end":{"line":36,"column":28}},"14":{"start":{"line":37,"column":2},"end":{"line":37,"column":9}},"15":{"start":{"line":38,"column":2},"end":{"line":38,"column":8}}},"fnMap":{"0":{"name":"loginSaga","decl":{"start":{"line":19,"column":17},"end":{"line":19,"column":27}},"loc":{"start":{"line":19,"column":54},"end":{"line":32,"column":null}}},"1":{"name":"logoutSaga","decl":{"start":{"line":34,"column":17},"end":{"line":34,"column":28}},"loc":{"start":{"line":34,"column":57},"end":{"line":39,"column":null}}}},"branchMap":{},"s":{"0":1,"1":1,"2":1,"3":1,"4":3,"5":3,"6":3,"7":2,"8":2,"9":2,"10":0,"11":0,"12":1,"13":1,"14":1,"15":1},"f":{"0":3,"1":1},"b":{}}
,"/Users/shravani/Code/with-typescript-app/redux/sagas/watcherLoginSaga.ts": {"path":"/Users/shravani/Code/with-typescript-app/redux/sagas/watcherLoginSaga.ts","statementMap":{"0":{"start":{"line":1,"column":0},"end":{"line":1,"column":null}},"1":{"start":{"line":2,"column":0},"end":{"line":2,"column":null}},"2":{"start":{"line":4,"column":0},"end":{"line":4,"column":12}},"3":{"start":{"line":5,"column":2},"end":{"line":5,"column":null}},"4":{"start":{"line":6,"column":2},"end":{"line":6,"column":null}},"5":{"start":{"line":10,"column":2},"end":{"line":10,"column":9}},"6":{"start":{"line":11,"column":2},"end":{"line":11,"column":8}},"7":{"start":{"line":12,"column":2},"end":{"line":12,"column":8}}},"fnMap":{"0":{"name":"(anonymous_0)","decl":{"start":{"line":4,"column":0},"end":{"line":4,"column":12}},"loc":{"start":{"line":4,"column":33},"end":{"line":7,"column":null}}},"1":{"name":"watcherLoginSaga","decl":{"start":{"line":9,"column":17},"end":{"line":9,"column":33}},"loc":{"start":{"line":9,"column":33},"end":{"line":13,"column":null}}}},"branchMap":{"0":{"loc":{"start":{"line":4,"column":12},"end":{"line":4,"column":33}},"type":"binary-expr","locations":[{"start":{"line":4,"column":12},"end":{"line":4,"column":33}},{"start":{"line":4,"column":33},"end":{"line":4,"column":null}}]}},"s":{"0":1,"1":1,"2":1,"3":1,"4":1,"5":0,"6":0,"7":0},"f":{"0":1,"1":0},"b":{"0":[1,1]}}
,"/Users/shravani/Code/with-typescript-app/shared/axiosBaseConfig.ts": {"path":"/Users/shravani/Code/with-typescript-app/shared/axiosBaseConfig.ts","statementMap":{"0":{"start":{"line":1,"column":26},"end":{"line":1,"column":null}}},"fnMap":{},"branchMap":{},"s":{"0":1},"f":{},"b":{}}
}
