TN:
SF:http/login.ts
FN:12,(anonymous_0)
FN:16,(anonymous_1)
FNF:2
FNH:0
FNDA:0,(anonymous_0)
FNDA:0,(anonymous_1)
DA:1,1
DA:2,1
DA:12,1
DA:13,0
DA:14,0
DA:16,0
DA:20,1
LF:7
LH:4
BRF:0
BRH:0
end_of_record
TN:
SF:redux/action.ts
FN:4,(anonymous_0)
FN:13,(anonymous_1)
FN:28,(anonymous_2)
FN:33,(anonymous_3)
FN:37,(anonymous_4)
FN:42,(anonymous_5)
FNF:6
FNH:6
FNDA:1,(anonymous_0)
FNDA:1,(anonymous_1)
FNDA:1,(anonymous_2)
FNDA:1,(anonymous_3)
FNDA:1,(anonymous_4)
FNDA:1,(anonymous_5)
DA:2,1
DA:4,1
DA:5,1
DA:6,1
DA:7,1
DA:13,1
DA:28,1
DA:33,1
DA:37,1
DA:42,1
LF:10
LH:10
BRDA:4,0,0,1
BRDA:4,0,1,1
BRF:2
BRH:2
end_of_record
TN:
SF:redux/constants.ts
FNF:0
FNH:0
DA:1,1
LF:1
LH:1
BRF:0
BRH:0
end_of_record
TN:
SF:redux/sagas/loginSaga.ts
FN:19,loginSaga
FN:34,logoutSaga
FNF:2
FNH:2
FNDA:3,loginSaga
FNDA:1,logoutSaga
DA:1,1
DA:4,1
DA:5,1
DA:6,1
DA:20,3
DA:21,3
DA:22,3
DA:25,2
DA:26,2
DA:27,2
DA:29,0
DA:30,0
DA:35,1
DA:36,1
DA:37,1
DA:38,1
LF:16
LH:14
BRF:0
BRH:0
end_of_record
TN:
SF:redux/sagas/watcherLoginSaga.ts
FN:4,(anonymous_0)
FN:9,watcherLoginSaga
FNF:2
FNH:1
FNDA:1,(anonymous_0)
FNDA:0,watcherLoginSaga
DA:1,1
DA:2,1
DA:4,1
DA:5,1
DA:6,1
DA:10,0
DA:11,0
DA:12,0
LF:8
LH:5
BRDA:4,0,0,1
BRDA:4,0,1,1
BRF:2
BRH:2
end_of_record
TN:
SF:shared/axiosBaseConfig.ts
FNF:0
FNH:0
DA:1,1
LF:1
LH:1
BRF:0
BRH:0
end_of_record
